mkdir: impossible de créer le répertoire « cone_lensing_narrow_past_00001 »: Le fichier existe
mkdir: impossible de créer le répertoire « catalogs_3940mini »: Le fichier existe
mar. sept.  6 16:22:59 CEST 2022
librdmacm: couldn't read ABI version.
librdmacm: assuming: 4
mkdir: impossible de créer le répertoire « cone_lensing_narrow_past_00002 »: Le fichier existe
mkdir: impossible de créer le répertoire « catalogs_3940mini »: Le fichier existe
mar. sept.  6 16:24:39 CEST 2022
librdmacm: couldn't read ABI version.
librdmacm: assuming: 4
total 2464
  24 drwxr-sr-x 3 mbreton luth   20480  6 sept. 16:15 fromirene
   0 drwxr-sr-x 2 mbreton luth       6  6 sept. 16:22 rejected
   4 -rw-r--r-- 1 mbreton luth    3350  6 sept. 16:22 raytracer_cone_grav_narrow_pastnfut_00001_catalogs.txt
   0 -rw-r--r-- 1 mbreton luth       0  6 sept. 16:38 catalogue_boxlen110_n1024_lcdmplanck18_00000_narrow_infinitesimal_born_halos_00000_reject.txt
   4 -rw-r--r-- 1 mbreton luth      33  6 sept. 16:38 catalogue_boxlen110_n1024_lcdmplanck18_00000_narrow_infinitesimal_born_halos_00000_err.txt
 268 -rw-r--r-- 1 mbreton luth  273497  6 sept. 16:38 catalogue_boxlen110_n1024_lcdmplanck18_00000_narrow_infinitesimal_born_halos_00000.txt
2164 -rw-r--r-- 1 mbreton luth 2215430  6 sept. 16:38 raytracer_cone_grav_narrow_pastnfut_00001_catalogs.log
mar. sept.  6 16:38:33 CEST 2022
total 32
24 drwxr-sr-x 3 mbreton luth 20480  6 sept. 16:14 fromirene
 0 drwxr-sr-x 2 mbreton luth     6  6 sept. 16:24 rejected
 4 -rw-r--r-- 1 mbreton luth  3350  6 sept. 16:24 raytracer_cone_grav_narrow_pastnfut_00002_catalogs.txt
 4 -rw-r--r-- 1 mbreton luth    86  6 sept. 16:24 raytracer_cone_grav_narrow_pastnfut_00002_catalogs.log
mar. sept.  6 16:49:01 CEST 2022
mkdir: impossible de créer le répertoire « cone_lensing_narrow_past_00002 »: Le fichier existe
mkdir: impossible de créer le répertoire « catalogs_3940mini »: Le fichier existe
mkdir: impossible de créer le répertoire « catalogs_3940mini/rejected »: Le fichier existe
mer. sept.  7 13:44:36 CEST 2022
librdmacm: couldn't read ABI version.
librdmacm: assuming: 4
mkdir: impossible de créer le répertoire « cone_lensing_narrow_past_00001 »: Le fichier existe
mkdir: impossible de créer le répertoire « catalogs_3940mini »: Le fichier existe
mkdir: impossible de créer le répertoire « catalogs_3940mini/rejected »: Le fichier existe
mer. sept.  7 13:44:48 CEST 2022
librdmacm: couldn't read ABI version.
librdmacm: assuming: 4
total 2736
  24 drwxr-sr-x 3 mbreton luth   20480  6 sept. 16:15 fromirene
   0 drwxr-sr-x 2 mbreton luth       6  6 sept. 16:22 rejected
   0 -rw-r--r-- 1 mbreton luth       0  6 sept. 16:38 catalogue_boxlen110_n1024_lcdmplanck18_00000_narrow_infinitesimal_born_halos_00000_reject.txt
   4 -rw-r--r-- 1 mbreton luth      33  6 sept. 16:38 catalogue_boxlen110_n1024_lcdmplanck18_00000_narrow_infinitesimal_born_halos_00000_err.txt
 268 -rw-r--r-- 1 mbreton luth  273497  6 sept. 16:38 catalogue_boxlen110_n1024_lcdmplanck18_00000_narrow_infinitesimal_born_halos_00000.txt
   4 -rw-r--r-- 1 mbreton luth    3345  7 sept. 13:44 raytracer_cone_grav_narrow_pastnfut_00001_catalogs.txt
   0 -rw-r--r-- 1 mbreton luth       0  7 sept. 14:02 catalogue_boxlen110_n1024_lcdmplanck18_00000_narrow_infinitesimal_halos_00000_reject.txt
   4 -rw-r--r-- 1 mbreton luth      33  7 sept. 14:02 catalogue_boxlen110_n1024_lcdmplanck18_00000_narrow_infinitesimal_halos_00000_err.txt
 268 -rw-r--r-- 1 mbreton luth  273497  7 sept. 14:02 catalogue_boxlen110_n1024_lcdmplanck18_00000_narrow_infinitesimal_halos_00000.txt
2164 -rw-r--r-- 1 mbreton luth 2215430  7 sept. 14:02 raytracer_cone_grav_narrow_pastnfut_00001_catalogs.log
mer. sept.  7 14:02:25 CEST 2022
total 36
24 drwxr-sr-x 3 mbreton luth 20480  6 sept. 16:14 fromirene
 0 drwxr-sr-x 2 mbreton luth     6  6 sept. 16:24 rejected
 4 -rw-r--r-- 1 mbreton luth  3345  7 sept. 13:44 raytracer_cone_grav_narrow_pastnfut_00002_catalogs.txt
 4 -rw-r--r-- 1 mbreton luth    86  7 sept. 13:44 raytracer_cone_grav_narrow_pastnfut_00002_catalogs.log
 4 -rw-r--r-- 1 mbreton luth   299  7 sept. 15:14 script.sh
 0 -rw-r--r-- 1 mbreton luth     0  7 sept. 15:14 traj.txt
 0 -rw-r--r-- 1 mbreton luth     0  7 sept. 15:14 viz.txt
 0 -rw-r--r-- 1 mbreton luth     0  7 sept. 15:14 cone.txt
 0 -rw-r--r-- 1 mbreton luth     0  7 sept. 15:14 cone_radec.txt
mer. sept.  7 17:39:20 CEST 2022
mkdir: impossible de créer le répertoire « cone_lensing_narrow_past_00001 »: Le fichier existe
mkdir: impossible de créer le répertoire « catalogs_3930mini »: Le fichier existe
mkdir: impossible de créer le répertoire « catalogs_3930mini/rejected »: Le fichier existe
lun. sept. 12 17:26:46 CEST 2022
librdmacm: couldn't read ABI version.
librdmacm: assuming: 4
total 32
24 drwxr-sr-x 3 mbreton luth 20480  7 sept. 13:40 fromirene
 0 drwxr-sr-x 2 mbreton luth     6 12 sept. 13:52 rejected
 4 -rw-r--r-- 1 mbreton luth  3345 12 sept. 17:26 raytracer_cone_grav_narrow_pastnfut_00001_catalogs.txt
 4 -rw-r--r-- 1 mbreton luth   104 12 sept. 17:34 raytracer_cone_grav_narrow_pastnfut_00001_catalogs.log
lun. sept. 12 17:35:23 CEST 2022
mkdir: impossible de créer le répertoire « cone_lensing_narrow_past_00001 »: Le fichier existe
mkdir: impossible de créer le répertoire « catalogs_3930mini »: Le fichier existe
mkdir: impossible de créer le répertoire « catalogs_3930mini/rejected »: Le fichier existe
lun. sept. 12 21:21:16 CEST 2022
librdmacm: couldn't read ABI version.
librdmacm: assuming: 4
--------------------------------------------------------------------------
mpirun noticed that process rank 0 with PID 0 on node advil exited on signal 9 (Killed).
--------------------------------------------------------------------------
total 32
24 drwxr-sr-x 3 mbreton luth 20480  7 sept. 13:40 fromirene
 0 drwxr-sr-x 2 mbreton luth     6 12 sept. 13:52 rejected
 4 -rw-r--r-- 1 mbreton luth  3345 12 sept. 21:21 raytracer_cone_grav_narrow_pastnfut_00001_catalogs.txt
 4 -rw-r--r-- 1 mbreton luth   323 13 sept. 10:19 raytracer_cone_grav_narrow_pastnfut_00001_catalogs.log
mar. sept. 13 10:19:49 CEST 2022
